[debug] [2018-08-17T21:51:01.893Z] ----------------------------------------------------------------------
[debug] [2018-08-17T21:51:01.895Z] Command:       C:\Program Files\nodejs\node.exe C:\Users\timlo\AppData\Roaming\npm\node_modules\firebase-tools\bin\firebase deploy
[debug] [2018-08-17T21:51:01.895Z] CLI Version:   4.1.1
[debug] [2018-08-17T21:51:01.895Z] Platform:      win32
[debug] [2018-08-17T21:51:01.895Z] Node Version:  v8.9.0
[debug] [2018-08-17T21:51:01.896Z] Time:          Fri Aug 17 2018 23:51:01 GMT+0200 (South Africa Standard Time)
[debug] [2018-08-17T21:51:01.896Z] ----------------------------------------------------------------------
[debug] 
[debug] [2018-08-17T21:51:01.905Z] > command requires scopes: ["email","openid","https://www.googleapis.com/auth/cloudplatformprojects.readonly","https://www.googleapis.com/auth/firebase","https://www.googleapis.com/auth/cloud-platform"]
[debug] [2018-08-17T21:51:01.905Z] > authorizing via signed-in user
[debug] [2018-08-17T21:51:01.907Z] >>> HTTP REQUEST GET https://admin.firebase.com/v1/projects/sovrin-transfers  
 
[debug] [2018-08-17T21:51:03.517Z] <<< HTTP RESPONSE 200
[debug] [2018-08-17T21:51:03.518Z] >>> HTTP REQUEST GET https://admin.firebase.com/v1/database/sovrin-transfers/tokens  
 
[debug] [2018-08-17T21:51:04.757Z] <<< HTTP RESPONSE 200
[info] 
[info] === Deploying to 'sovrin-transfers'...
[info] 
[info] i  deploying hosting
[debug] [2018-08-17T21:51:06.131Z] >>> HTTP REQUEST POST https://firebasehosting.googleapis.com/v1beta1/sites/sovrin-transfers/versions  

[debug] [2018-08-17T21:51:09.481Z] <<< HTTP RESPONSE 200
[info] i  hosting: found 31 files in public directory
[debug] [2018-08-17T21:51:09.494Z] [hosting] hash cache [0] not populated
[debug] [2018-08-17T21:51:09.652Z] [hosting] hash cache [0] stored for 31 files
[debug] [2018-08-17T21:51:09.652Z] [hosting][hash queue][FINAL]
[debug] [2018-08-17T21:51:09.652Z] >>> HTTP REQUEST POST https://firebasehosting.googleapis.com/v1beta1/sites/sovrin-transfers/versions/1b76a0fa4610ea0a:populateFiles  
 <request body omitted>
[debug] [2018-08-17T21:51:12.095Z] <<< HTTP RESPONSE 200
[debug] [2018-08-17T21:51:12.108Z] [hosting][populate queue][FINAL]
[debug] [2018-08-17T21:51:12.109Z] [hosting] uploads queued: 31
